#
# A fatal error has been detected by the Java Runtime Environment:
#
#  EXCEPTION_UNCAUGHT_CXX_EXCEPTION (0xe06d7363) at pc=0x00007ff9ec191f28, pid=9340, tid=6536
#
# JRE version: Java(TM) SE Runtime Environment (8.0_66-b18) (build 1.8.0_66-b18)
# Java VM: Java HotSpot(TM) 64-Bit Server VM (25.66-b18 mixed mode windows-amd64 compressed oops)
# Problematic frame:
# C  [KERNELBASE.dll+0x71f28]
#
# Failed to write core dump. Minidumps are not enabled by default on client versions of Windows
#
# If you would like to submit a bug report, please visit:
#   http://bugreport.java.com/bugreport/crash.jsp
# The crash happened outside the Java Virtual Machine in native code.
# See problematic frame for where to report the bug.
#

---------------  T H R E A D  ---------------

Current thread (0x0000000019ba5800):  JavaThread "JavaFX Application Thread" [_thread_in_native, id=6536, stack(0x000000001a3a0000,0x000000001a4a0000)]

siginfo: ExceptionCode=0xe06d7363, ExceptionInformation=0x0000000019930520 0x000000001a49d060 0x00007ff9c205d220 0x00007ff9c1f90000 

Registers:
RAX=0x0000000000000001, RBX=0x00007ff9c205d220, RCX=0x0000000000000000, RDX=0x009faf800155f240
RSP=0x000000001a49cef0, RBP=0x000000001a49d030, RSI=0x0000000000010000, RDI=0x000000001a49d060
R8 =0x0000000056680959, R9 =0x000000069e242c90, R10=0x000000002a6dd210, R11=0x0000000021ff60b0
R12=0x000000002a75c6f0, R13=0x0000000100001ef8, R14=0x000000002eaef550, R15=0x000000002eaef550
RIP=0x00007ff9ec191f28, EFLAGS=0x0000000000000202

Top of Stack: (sp=0x000000001a49cef0)
0x000000001a49cef0:   000000000310ce90 00007ff9c205d220
0x000000001a49cf00:   0000000000010000 000000001a49d060
0x000000001a49cf10:   00000001e06d7363 0000000000000000
0x000000001a49cf20:   00007ff9ec191f28 0000000000000004
0x000000001a49cf30:   0000000019930520 000000001a49d060
0x000000001a49cf40:   00007ff9c205d220 00007ff9c1f90000
0x000000001a49cf50:   000000002a75c6f0 000000001a49d060
0x000000001a49cf60:   0000000000010000 000000001a49d040
0x000000001a49cf70:   000000001a49d030 00007ff9ef86782f
0x000000001a49cf80:   0000000100001ef8 0000000000000000
0x000000001a49cf90:   0000000000010000 0000000000010010
0x000000001a49cfa0:   00007ff9c2074000 00007ff9c1f90000
0x000000001a49cfb0:   0000492c03b99e71 0000000000000010
0x000000001a49cfc0:   00007ff9c205d220 00007ff9c1feef63
0x000000001a49cfd0:   0000000000010000 00007ff9c1fb70f9
0x000000001a49cfe0:   0000000000010000 000000002a75c6f0 

Instructions: (pc=0x00007ff9ec191f28)
0x00007ff9ec191f08:   49 8b d1 44 0f 47 c0 44 89 44 24 38 49 c1 e0 03
0x00007ff9ec191f18:   e8 27 b2 00 00 48 8d 4c 24 20 ff 15 c8 a7 05 00
0x00007ff9ec191f28:   48 8b 8c 24 c0 00 00 00 48 33 cc e8 98 7a 00 00
0x00007ff9ec191f38:   48 81 c4 d8 00 00 00 c3 83 64 24 38 00 eb d6 cc 


Register to memory mapping:

RAX=0x0000000000000001 is an unknown value
RBX=0x00007ff9c205d220 is an unknown value
RCX=0x0000000000000000 is an unknown value
RDX=0x009faf800155f240 is an unknown value
RSP=0x000000001a49cef0 is pointing into the stack for thread: 0x0000000019ba5800
RBP=0x000000001a49d030 is pointing into the stack for thread: 0x0000000019ba5800
RSI=0x0000000000010000 is an unknown value
RDI=0x000000001a49d060 is pointing into the stack for thread: 0x0000000019ba5800
R8 =0x0000000056680959 is an unknown value
R9 =0x000000069e242c90 is an unknown value
R10=0x000000002a6dd210 is an unknown value
R11=0x0000000021ff60b0 is an unknown value
R12=0x000000002a75c6f0 is an unknown value
R13=0x0000000100001ef8 is pointing into metadata
R14=0x000000002eaef550 is an unknown value
R15=0x000000002eaef550 is an unknown value


Stack: [0x000000001a3a0000,0x000000001a4a0000],  sp=0x000000001a49cef0,  free space=1011k
Native frames: (J=compiled Java code, j=interpreted, Vv=VM code, C=native code)
C  [KERNELBASE.dll+0x71f28]
C  [msvcr120.dll+0x5ef63]
C  [msvcr120.dll+0x669b0]
C  [jfxwebkit.dll+0x88419d]
C  [jfxwebkit.dll+0x884370]
C  [jfxwebkit.dll+0x88498b]
C  [jfxwebkit.dll+0x880d88]
C  [jfxwebkit.dll+0xa570a0]
C  [jfxwebkit.dll+0xa5a2f0]
C  [jfxwebkit.dll+0xa5b896]
C  [jfxwebkit.dll+0xa54fa2]
C  [jfxwebkit.dll+0xa540d6]
C  [jfxwebkit.dll+0xa54137]
C  [jfxwebkit.dll+0xa54137]
C  [jfxwebkit.dll+0xa54137]
C  [jfxwebkit.dll+0xa54137]
C  [jfxwebkit.dll+0xa54137]
C  [jfxwebkit.dll+0xa54137]
C  [jfxwebkit.dll+0xa54137]
C  [jfxwebkit.dll+0xa54137]
C  [jfxwebkit.dll+0xa54137]
C  [jfxwebkit.dll+0xa54137]
C  [jfxwebkit.dll+0xa54137]
C  [jfxwebkit.dll+0x9a48a3]
C  [jfxwebkit.dll+0x8280d4]
C  0x00000000044c7735

Java frames: (J=compiled Java code, j=interpreted, Vv=VM code)
J 6349  com.sun.webkit.WebPage.twkPrePaint(J)V (0 bytes) @ 0x00000000044c76bb [0x00000000044c7680+0x3b]
J 6348 C1 com.sun.webkit.WebPage.updateDirty(Lcom/sun/webkit/graphics/WCRectangle;)V (612 bytes) @ 0x00000000044f1d64 [0x00000000044f0ee0+0xe84]
J 6495 C1 com.sun.webkit.WebPage.updateContent(Lcom/sun/webkit/graphics/WCRectangle;)V (66 bytes) @ 0x00000000045732cc [0x0000000004572a80+0x84c]
J 6443 C2 javafx.scene.web.WebView$$Lambda$258.pulse()V (8 bytes) @ 0x0000000004558488 [0x00000000045578c0+0xbc8]
J 5077 C2 com.sun.javafx.tk.Toolkit$$Lambda$107.run()Ljava/lang/Object; (8 bytes) @ 0x00000000036ec6c4 [0x00000000036ec680+0x44]
v  ~StubRoutines::call_stub
J 1654  java.security.AccessController.doPrivileged(Ljava/security/PrivilegedAction;Ljava/security/AccessControlContext;)Ljava/lang/Object; (0 bytes) @ 0x000000000386db66 [0x000000000386db00+0x66]
J 6489 C2 com.sun.javafx.tk.Toolkit.firePulse()V (279 bytes) @ 0x000000000457f908 [0x000000000457ee40+0xac8]
J 2809 C1 com.sun.javafx.tk.quantum.QuantumToolkit.pulse(Z)V (164 bytes) @ 0x0000000003becc84 [0x0000000003bec640+0x644]
J 2272 C1 com.sun.javafx.tk.quantum.QuantumToolkit$$Lambda$44.run()V (8 bytes) @ 0x0000000003a12c14 [0x0000000003a12a00+0x214]
J 6493 C2 com.sun.glass.ui.InvokeLaterDispatcher$Future.run()V (91 bytes) @ 0x0000000004571e48 [0x0000000004571e00+0x48]
v  ~StubRoutines::call_stub
j  com.sun.glass.ui.win.WinApplication._runLoop(Ljava/lang/Runnable;)V+0
j  com.sun.glass.ui.win.WinApplication.lambda$null$148(ILjava/lang/Runnable;)V+8
j  com.sun.glass.ui.win.WinApplication$$Lambda$40.run()V+12
j  java.lang.Thread.run()V+11
v  ~StubRoutines::call_stub

---------------  P R O C E S S  ---------------

Java Threads: ( => current thread )
  0x0000000022659000 JavaThread "Watchdog-Timer-1" daemon [_thread_blocked, id=14192, stack(0x0000000026a30000,0x0000000026b30000)]
  0x0000000019a97800 JavaThread "Disposer" daemon [_thread_blocked, id=13980, stack(0x0000000025d90000,0x0000000025e90000)]
  0x000000001a77e800 JavaThread "Prism Font Disposer" daemon [_thread_blocked, id=1632, stack(0x0000000021320000,0x0000000021420000)]
  0x0000000019c01800 JavaThread "Thread-3" daemon [_thread_in_native, id=14292, stack(0x000000001f260000,0x000000001f360000)]
=>0x0000000019ba5800 JavaThread "JavaFX Application Thread" [_thread_in_native, id=6536, stack(0x000000001a3a0000,0x000000001a4a0000)]
  0x0000000019bef000 JavaThread "Thread-2" daemon [_thread_blocked, id=12560, stack(0x000000001a2a0000,0x000000001a3a0000)]
  0x0000000019be3000 JavaThread "QuantumRenderer-0" daemon [_thread_blocked, id=12828, stack(0x000000001a0c0000,0x000000001a1c0000)]
  0x0000000019b60800 JavaThread "JavaFX-Launcher" [_thread_blocked, id=11024, stack(0x0000000019fc0000,0x000000001a0c0000)]
  0x0000000019917800 JavaThread "Monitor Ctrl-Break" daemon [_thread_in_native, id=2432, stack(0x0000000019ec0000,0x0000000019fc0000)]
  0x0000000019837000 JavaThread "Service Thread" daemon [_thread_blocked, id=13648, stack(0x0000000019c20000,0x0000000019d20000)]
  0x0000000017ed4800 JavaThread "C1 CompilerThread2" daemon [_thread_blocked, id=4184, stack(0x0000000019720000,0x0000000019820000)]
  0x0000000017ed2000 JavaThread "C2 CompilerThread1" daemon [_thread_blocked, id=6972, stack(0x0000000019620000,0x0000000019720000)]
  0x0000000017ecb000 JavaThread "C2 CompilerThread0" daemon [_thread_blocked, id=13892, stack(0x0000000019520000,0x0000000019620000)]
  0x0000000017ec9800 JavaThread "Attach Listener" daemon [_thread_blocked, id=2668, stack(0x0000000019420000,0x0000000019520000)]
  0x0000000017ec8800 JavaThread "Signal Dispatcher" daemon [_thread_blocked, id=13492, stack(0x0000000019320000,0x0000000019420000)]
  0x0000000003316800 JavaThread "Finalizer" daemon [_thread_blocked, id=5576, stack(0x0000000019130000,0x0000000019230000)]
  0x0000000017e99000 JavaThread "Reference Handler" daemon [_thread_blocked, id=8916, stack(0x0000000019030000,0x0000000019130000)]
  0x000000000310e000 JavaThread "main" [_thread_blocked, id=4460, stack(0x0000000003110000,0x0000000003210000)]

Other Threads:
  0x0000000017e97800 VMThread [stack: 0x0000000018f30000,0x0000000019030000] [id=11140]
  0x000000001986c000 WatcherThread [stack: 0x0000000019d20000,0x0000000019e20000] [id=2132]

VM state:not at safepoint (normal execution)

VM Mutex/Monitor currently owned by a thread: None

Heap:
 PSYoungGen      total 143360K, used 70123K [0x00000000d5c00000, 0x00000000e6780000, 0x0000000100000000)
  eden space 18944K, 7% used [0x00000000d5c00000,0x00000000d5d7ae08,0x00000000d6e80000)
  from space 124416K, 55% used [0x00000000dee00000,0x00000000e3100000,0x00000000e6780000)
  to   space 127488K, 0% used [0x00000000d6e80000,0x00000000d6e80000,0x00000000deb00000)
 ParOldGen       total 522752K, used 407664K [0x0000000081400000, 0x00000000a1280000, 0x00000000d5c00000)
  object space 522752K, 77% used [0x0000000081400000,0x000000009a21c320,0x00000000a1280000)
 Metaspace       used 27704K, capacity 29208K, committed 29440K, reserved 1075200K
  class space    used 3577K, capacity 3829K, committed 3840K, reserved 1048576K

Card table byte_map: [0x00000000126f0000,0x0000000012af0000] byte_map_base: 0x00000000122e6000

Marking Bits: (ParMarkBitMap*) 0x0000000056c4a5b0
 Begin Bits: [0x00000000131a0000, 0x0000000015150000)
 End Bits:   [0x0000000015150000, 0x0000000017100000)

Polling page: 0x00000000030f0000

CodeCache: size=245760Kb used=18818Kb max_used=19372Kb free=226941Kb
 bounds [0x0000000003330000, 0x0000000004640000, 0x0000000012330000]
 total_blobs=6609 nmethods=5796 adapters=723
 compilation: enabled

Compilation events (10 events):
Event: 71.935 Thread 0x0000000017ed4800 nmethod 6831 0x0000000003c648d0 code [0x0000000003c64a40, 0x0000000003c64c70]
Event: 71.935 Thread 0x0000000017ed4800 6832       3       sun.net.www.protocol.https.DelegateHttpsURLConnection::dispose (5 bytes)
Event: 71.935 Thread 0x0000000017ed4800 nmethod 6832 0x0000000003da6c50 code [0x0000000003da6da0, 0x0000000003da6f50]
Event: 73.177 Thread 0x0000000017ecb000 6833       4       com.sun.javafx.tk.quantum.QuantumToolkit::postPulse (148 bytes)
Event: 73.193 Thread 0x0000000017ecb000 nmethod 6833 0x0000000003bce290 code [0x0000000003bce4c0, 0x0000000003bcefc0]
Event: 81.419 Thread 0x0000000017ed4800 6834       3       java.lang.Thread::exit (51 bytes)
Event: 81.420 Thread 0x0000000017ed4800 nmethod 6834 0x0000000003dcfd50 code [0x0000000003dcfec0, 0x0000000003dd0168]
Event: 81.420 Thread 0x0000000017ed4800 6835   !   3       java.lang.ThreadGroup::threadTerminated (63 bytes)
Event: 81.421 Thread 0x0000000017ed4800 nmethod 6835 0x0000000003e0fed0 code [0x0000000003e10060, 0x0000000003e10628]
Event: 88.259 Thread 0x0000000017ed2000 6836       4       com.sun.javafx.tk.quantum.QuantumToolkit$$Lambda$45/216015565::run (8 bytes)

GC Heap History (10 events):
Event: 89.565 GC heap before
{Heap before GC invocations=35 (full 7):
 PSYoungGen      total 155136K, used 34944K [0x00000000d5c00000, 0x00000000e8180000, 0x0000000100000000)
  eden space 14848K, 0% used [0x00000000d5c00000,0x00000000d5c00000,0x00000000d6a80000)
  from space 140288K, 24% used [0x00000000df880000,0x00000000e1aa0000,0x00000000e8180000)
  to   space 142848K, 0% used [0x00000000d6a80000,0x00000000d6a80000,0x00000000df600000)
 ParOldGen       total 393728K, used 379038K [0x0000000081400000, 0x0000000099480000, 0x00000000d5c00000)
  object space 393728K, 96% used [0x0000000081400000,0x00000000986278f8,0x0000000099480000)
 Metaspace       used 27704K, capacity 29208K, committed 29440K, reserved 1075200K
  class space    used 3577K, capacity 3829K, committed 3840K, reserved 1048576K
Event: 91.054 GC heap after
Heap after GC invocations=35 (full 7):
 PSYoungGen      total 155136K, used 18959K [0x00000000d5c00000, 0x00000000e8180000, 0x0000000100000000)
  eden space 14848K, 0% used [0x00000000d5c00000,0x00000000d5c00000,0x00000000d6a80000)
  from space 140288K, 13% used [0x00000000df880000,0x00000000e0b03c38,0x00000000e8180000)
  to   space 142848K, 0% used [0x00000000d6a80000,0x00000000d6a80000,0x00000000df600000)
 ParOldGen       total 522752K, used 393568K [0x0000000081400000, 0x00000000a1280000, 0x00000000d5c00000)
  object space 522752K, 75% used [0x0000000081400000,0x0000000099458320,0x00000000a1280000)
 Metaspace       used 27704K, capacity 29208K, committed 29440K, reserved 1075200K
  class space    used 3577K, capacity 3829K, committed 3840K, reserved 1048576K
}
Event: 91.619 GC heap before
{Heap before GC invocations=36 (full 7):
 PSYoungGen      total 155136K, used 33807K [0x00000000d5c00000, 0x00000000e8180000, 0x0000000100000000)
  eden space 14848K, 100% used [0x00000000d5c00000,0x00000000d6a80000,0x00000000d6a80000)
  from space 140288K, 13% used [0x00000000df880000,0x00000000e0b03c38,0x00000000e8180000)
  to   space 142848K, 0% used [0x00000000d6a80000,0x00000000d6a80000,0x00000000df600000)
 ParOldGen       total 522752K, used 393568K [0x0000000081400000, 0x00000000a1280000, 0x00000000d5c00000)
  object space 522752K, 75% used [0x0000000081400000,0x0000000099458320,0x00000000a1280000)
 Metaspace       used 27704K, capacity 29208K, committed 29440K, reserved 1075200K
  class space    used 3577K, capacity 3829K, committed 3840K, reserved 1048576K
Event: 91.849 GC heap after
Heap after GC invocations=36 (full 7):
 PSYoungGen      total 157696K, used 19904K [0x00000000d5c00000, 0x00000000e8200000, 0x0000000100000000)
  eden space 14848K, 0% used [0x00000000d5c00000,0x00000000d5c00000,0x00000000d6a80000)
  from space 142848K, 13% used [0x00000000d6a80000,0x00000000d7df0000,0x00000000df600000)
  to   space 141824K, 0% used [0x00000000df780000,0x00000000df780000,0x00000000e8200000)
 ParOldGen       total 522752K, used 407664K [0x0000000081400000, 0x00000000a1280000, 0x00000000d5c00000)
  object space 522752K, 77% used [0x0000000081400000,0x000000009a21c320,0x00000000a1280000)
 Metaspace       used 27704K, capacity 29208K, committed 29440K, reserved 1075200K
  class space    used 3577K, capacity 3829K, committed 3840K, reserved 1048576K
}
Event: 121.767 GC heap before
{Heap before GC invocations=37 (full 7):
 PSYoungGen      total 157696K, used 34752K [0x00000000d5c00000, 0x00000000e8200000, 0x0000000100000000)
  eden space 14848K, 100% used [0x00000000d5c00000,0x00000000d6a80000,0x00000000d6a80000)
  from space 142848K, 13% used [0x00000000d6a80000,0x00000000d7df0000,0x00000000df600000)
  to   space 141824K, 0% used [0x00000000df780000,0x00000000df780000,0x00000000e8200000)
 ParOldGen       total 522752K, used 407664K [0x0000000081400000, 0x00000000a1280000, 0x00000000d5c00000)
  object space 522752K, 77% used [0x0000000081400000,0x000000009a21c320,0x00000000a1280000)
 Metaspace       used 27704K, capacity 29208K, committed 29440K, reserved 1075200K
  class space    used 3577K, capacity 3829K, committed 3840K, reserved 1048576K
Event: 126.770 GC heap after
Heap after GC invocations=37 (full 7):
 PSYoungGen      total 150016K, used 34816K [0x00000000d5c00000, 0x00000000e7980000, 0x0000000100000000)
  eden space 16896K, 0% used [0x00000000d5c00000,0x00000000d5c00000,0x00000000d6c80000)
  from space 133120K, 26% used [0x00000000df780000,0x00000000e1980000,0x00000000e7980000)
  to   space 137728K, 0% used [0x00000000d6c80000,0x00000000d6c80000,0x00000000df300000)
 ParOldGen       total 522752K, used 407664K [0x0000000081400000, 0x00000000a1280000, 0x00000000d5c00000)
  object space 522752K, 77% used [0x0000000081400000,0x000000009a21c320,0x00000000a1280000)
 Metaspace       used 27704K, capacity 29208K, committed 29440K, reserved 1075200K
  class space    used 3577K, capacity 3829K, committed 3840K, reserved 1048576K
}
Event: 127.137 GC heap before
{Heap before GC invocations=38 (full 7):
 PSYoungGen      total 150016K, used 51712K [0x00000000d5c00000, 0x00000000e7980000, 0x0000000100000000)
  eden space 16896K, 100% used [0x00000000d5c00000,0x00000000d6c80000,0x00000000d6c80000)
  from space 133120K, 26% used [0x00000000df780000,0x00000000e1980000,0x00000000e7980000)
  to   space 137728K, 0% used [0x00000000d6c80000,0x00000000d6c80000,0x00000000df300000)
 ParOldGen       total 522752K, used 407664K [0x0000000081400000, 0x00000000a1280000, 0x00000000d5c00000)
  object space 522752K, 77% used [0x0000000081400000,0x000000009a21c320,0x00000000a1280000)
 Metaspace       used 27704K, capacity 29208K, committed 29440K, reserved 1075200K
  class space    used 3577K, capacity 3829K, committed 3840K, reserved 1048576K
Event: 127.228 GC heap after
Heap after GC invocations=38 (full 7):
 PSYoungGen      total 68608K, used 51712K [0x00000000d5c00000, 0x00000000e6d00000, 0x0000000100000000)
  eden space 16896K, 0% used [0x00000000d5c00000,0x00000000d5c00000,0x00000000d6c80000)
  from space 51712K, 100% used [0x00000000d6c80000,0x00000000d9f00000,0x00000000d9f00000)
  to   space 130048K, 0% used [0x00000000dee00000,0x00000000dee00000,0x00000000e6d00000)
 ParOldGen       total 522752K, used 407664K [0x0000000081400000, 0x00000000a1280000, 0x00000000d5c00000)
  object space 522752K, 77% used [0x0000000081400000,0x000000009a21c320,0x00000000a1280000)
 Metaspace       used 27704K, capacity 29208K, committed 29440K, reserved 1075200K
  class space    used 3577K, capacity 3829K, committed 3840K, reserved 1048576K
}
Event: 130.263 GC heap before
{Heap before GC invocations=39 (full 7):
 PSYoungGen      total 68608K, used 68608K [0x00000000d5c00000, 0x00000000e6d00000, 0x0000000100000000)
  eden space 16896K, 100% used [0x00000000d5c00000,0x00000000d6c80000,0x00000000d6c80000)
  from space 51712K, 100% used [0x00000000d6c80000,0x00000000d9f00000,0x00000000d9f00000)
  to   space 130048K, 0% used [0x00000000dee00000,0x00000000dee00000,0x00000000e6d00000)
 ParOldGen       total 522752K, used 407664K [0x0000000081400000, 0x00000000a1280000, 0x00000000d5c00000)
  object space 522752K, 77% used [0x0000000081400000,0x000000009a21c320,0x00000000a1280000)
 Metaspace       used 27704K, capacity 29208K, committed 29440K, reserved 1075200K
  class space    used 3577K, capacity 3829K, committed 3840K, reserved 1048576K
Event: 130.362 GC heap after
Heap after GC invocations=39 (full 7):
 PSYoungGen      total 143360K, used 68608K [0x00000000d5c00000, 0x00000000e6780000, 0x0000000100000000)
  eden space 18944K, 0% used [0x00000000d5c00000,0x00000000d5c00000,0x00000000d6e80000)
  from space 124416K, 55% used [0x00000000dee00000,0x00000000e3100000,0x00000000e6780000)
  to   space 127488K, 0% used [0x00000000d6e80000,0x00000000d6e80000,0x00000000deb00000)
 ParOldGen       total 522752K, used 407664K [0x0000000081400000, 0x00000000a1280000, 0x00000000d5c00000)
  object space 522752K, 77% used [0x0000000081400000,0x000000009a21c320,0x00000000a1280000)
 Metaspace       used 27704K, capacity 29208K, committed 29440K, reserved 1075200K
  class space    used 3577K, capacity 3829K, committed 3840K, reserved 1048576K
}

Deoptimization events (10 events):
Event: 72.181 Thread 0x0000000022a13800 Uncommon trap: reason=unstable_if action=reinterpret pc=0x000000000460821c method=java.util.concurrent.locks.AbstractQueuedSynchronizer.acquireQueued(Ljava/util/concurrent/locks/AbstractQueuedSynchronizer$Node;I)Z @ 17
Event: 72.181 Thread 0x0000000022a14000 Uncommon trap: reason=unstable_if action=reinterpret pc=0x000000000460821c method=java.util.concurrent.locks.AbstractQueuedSynchronizer.acquireQueued(Ljava/util/concurrent/locks/AbstractQueuedSynchronizer$Node;I)Z @ 17
Event: 72.621 Thread 0x0000000022a19800 Uncommon trap: reason=unstable_if action=reinterpret pc=0x000000000460821c method=java.util.concurrent.locks.AbstractQueuedSynchronizer.acquireQueued(Ljava/util/concurrent/locks/AbstractQueuedSynchronizer$Node;I)Z @ 17
Event: 72.621 Thread 0x0000000022a1a000 Uncommon trap: reason=unstable_if action=reinterpret pc=0x000000000460821c method=java.util.concurrent.locks.AbstractQueuedSynchronizer.acquireQueued(Ljava/util/concurrent/locks/AbstractQueuedSynchronizer$Node;I)Z @ 17
Event: 72.621 Thread 0x0000000022a1c800 Uncommon trap: reason=unstable_if action=reinterpret pc=0x000000000460821c method=java.util.concurrent.locks.AbstractQueuedSynchronizer.acquireQueued(Ljava/util/concurrent/locks/AbstractQueuedSynchronizer$Node;I)Z @ 17
Event: 72.621 Thread 0x0000000022a18800 Uncommon trap: reason=unstable_if action=reinterpret pc=0x000000000460821c method=java.util.concurrent.locks.AbstractQueuedSynchronizer.acquireQueued(Ljava/util/concurrent/locks/AbstractQueuedSynchronizer$Node;I)Z @ 17
Event: 72.622 Thread 0x0000000022a17000 Uncommon trap: reason=unstable_if action=reinterpret pc=0x000000000460821c method=java.util.concurrent.locks.AbstractQueuedSynchronizer.acquireQueued(Ljava/util/concurrent/locks/AbstractQueuedSynchronizer$Node;I)Z @ 17
Event: 72.622 Thread 0x0000000022a18000 Uncommon trap: reason=unstable_if action=reinterpret pc=0x000000000460821c method=java.util.concurrent.locks.AbstractQueuedSynchronizer.acquireQueued(Ljava/util/concurrent/locks/AbstractQueuedSynchronizer$Node;I)Z @ 17
Event: 72.622 Thread 0x0000000022a0f800 Uncommon trap: reason=unstable_if action=reinterpret pc=0x000000000460821c method=java.util.concurrent.locks.AbstractQueuedSynchronizer.acquireQueued(Ljava/util/concurrent/locks/AbstractQueuedSynchronizer$Node;I)Z @ 17
Event: 72.622 Thread 0x0000000022a1d000 Uncommon trap: reason=unstable_if action=reinterpret pc=0x000000000460821c method=java.util.concurrent.locks.AbstractQueuedSynchronizer.acquireQueued(Ljava/util/concurrent/locks/AbstractQueuedSynchronizer$Node;I)Z @ 17

Internal exceptions (10 events):
Event: 30.045 Thread 0x0000000019ba5800 Implicit null exception at 0x0000000003bcd218 to 0x0000000003bcd791
Event: 42.552 Thread 0x0000000019ba5800 Exception <a 'sun/nio/fs/WindowsException'> (0x00000000d60c0e78) thrown at [C:\re\workspace\8-2-build-windows-amd64-cygwin\jdk8u66\5298\hotspot\src\share\vm\prims\jni.cpp, line 709]
Event: 42.554 Thread 0x0000000019ba5800 Exception <a 'sun/nio/fs/WindowsException'> (0x00000000d60c2e78) thrown at [C:\re\workspace\8-2-build-windows-amd64-cygwin\jdk8u66\5298\hotspot\src\share\vm\prims\jni.cpp, line 709]
Event: 42.877 Thread 0x0000000019be3000 Implicit null exception at 0x000000000427aca3 to 0x000000000427bbd1
Event: 48.894 Thread 0x0000000019be3000 Implicit null exception at 0x000000000416226c to 0x00000000041622e1
Event: 48.937 Thread 0x0000000019be3000 Implicit null exception at 0x0000000004384da1 to 0x0000000004386e09
Event: 48.937 Thread 0x0000000019be3000 Implicit null exception at 0x0000000003d36465 to 0x0000000003d364e9
Event: 49.207 Thread 0x0000000019be3000 Implicit null exception at 0x0000000003f71954 to 0x0000000003f719b9
Event: 49.207 Thread 0x0000000019be3000 Implicit null exception at 0x0000000003ee8b90 to 0x0000000003ee8be9
Event: 58.342 Thread 0x0000000022659000 Implicit null exception at 0x00000000043691e8 to 0x00000000043692d5

Events (10 events):
Event: 89.354 Executing VM operation: ParallelGCFailedAllocation
Event: 91.054 Executing VM operation: ParallelGCFailedAllocation done
Event: 91.619 Executing VM operation: ParallelGCFailedAllocation
Event: 91.849 Executing VM operation: ParallelGCFailedAllocation done
Event: 118.475 Executing VM operation: ParallelGCFailedAllocation
Event: 126.770 Executing VM operation: ParallelGCFailedAllocation done
Event: 127.137 Executing VM operation: ParallelGCFailedAllocation
Event: 127.228 Executing VM operation: ParallelGCFailedAllocation done
Event: 130.263 Executing VM operation: ParallelGCFailedAllocation
Event: 130.362 Executing VM operation: ParallelGCFailedAllocation done


Dynamic libraries:
0x00007ff788600000 - 0x00007ff788637000 	C:\Program Files\Java\jdk1.8.0_66\bin\java.exe
0x00007ff9ef830000 - 0x00007ff9ef9f1000 	C:\WINDOWS\SYSTEM32\ntdll.dll
0x00007ff9ef1f0000 - 0x00007ff9ef29d000 	C:\WINDOWS\system32\KERNEL32.DLL
0x00007ff9ec120000 - 0x00007ff9ec308000 	C:\WINDOWS\system32\KERNELBASE.dll
0x00007ff9eee30000 - 0x00007ff9eeed7000 	C:\WINDOWS\system32\ADVAPI32.dll
0x00007ff9ed6d0000 - 0x00007ff9ed76d000 	C:\WINDOWS\system32\msvcrt.dll
0x00007ff9ecc90000 - 0x00007ff9ecceb000 	C:\WINDOWS\system32\sechost.dll
0x00007ff9ed170000 - 0x00007ff9ed28c000 	C:\WINDOWS\system32\RPCRT4.dll
0x00007ff9ef6d0000 - 0x00007ff9ef826000 	C:\WINDOWS\system32\USER32.dll
0x00007ff9eeee0000 - 0x00007ff9ef066000 	C:\WINDOWS\system32\GDI32.dll
0x00007ff9dcdd0000 - 0x00007ff9dd044000 	C:\WINDOWS\WinSxS\amd64_microsoft.windows.common-controls_6595b64144ccf1df_6.0.10586.589_none_a2ddb3caa539acce\COMCTL32.dll
0x00007ff9ed3f0000 - 0x00007ff9ed66d000 	C:\WINDOWS\system32\combase.dll
0x00007ff9ec960000 - 0x00007ff9ec9ca000 	C:\WINDOWS\system32\bcryptPrimitives.dll
0x00007ff9ecf60000 - 0x00007ff9ecf9b000 	C:\WINDOWS\system32\IMM32.DLL
0x0000000056cd0000 - 0x0000000056da2000 	C:\Program Files\Java\jdk1.8.0_66\jre\bin\msvcr100.dll
0x0000000056440000 - 0x0000000056cc9000 	C:\Program Files\Java\jdk1.8.0_66\jre\bin\server\jvm.dll
0x00007ff9ed0f0000 - 0x00007ff9ed0f8000 	C:\WINDOWS\system32\PSAPI.DLL
0x00007ff9dcab0000 - 0x00007ff9dcab9000 	C:\WINDOWS\SYSTEM32\WSOCK32.dll
0x00007ff9eedc0000 - 0x00007ff9eee2b000 	C:\WINDOWS\system32\WS2_32.dll
0x00007ff9e9950000 - 0x00007ff9e9973000 	C:\WINDOWS\SYSTEM32\WINMM.dll
0x00007ff9e9920000 - 0x00007ff9e994c000 	C:\WINDOWS\SYSTEM32\WINMMBASE.dll
0x00007ff9ebf90000 - 0x00007ff9ebfd3000 	C:\WINDOWS\system32\cfgmgr32.dll
0x00007ff9e0be0000 - 0x00007ff9e0bea000 	C:\WINDOWS\SYSTEM32\VERSION.dll
0x0000000056430000 - 0x000000005643f000 	C:\Program Files\Java\jdk1.8.0_66\jre\bin\verify.dll
0x0000000056400000 - 0x0000000056429000 	C:\Program Files\Java\jdk1.8.0_66\jre\bin\java.dll
0x00000000563e0000 - 0x00000000563f6000 	C:\Program Files\Java\jdk1.8.0_66\jre\bin\zip.dll
0x00007ff9ed770000 - 0x00007ff9eeccc000 	C:\WINDOWS\system32\SHELL32.dll
0x00007ff9ec310000 - 0x00007ff9ec955000 	C:\WINDOWS\system32\windows.storage.dll
0x00007ff9ed670000 - 0x00007ff9ed6c2000 	C:\WINDOWS\system32\shlwapi.dll
0x00007ff9ebec0000 - 0x00007ff9ebecf000 	C:\WINDOWS\system32\kernel.appcore.dll
0x00007ff9ebfe0000 - 0x00007ff9ec095000 	C:\WINDOWS\system32\shcore.dll
0x00007ff9ebe50000 - 0x00007ff9ebe9b000 	C:\WINDOWS\system32\powrprof.dll
0x00007ff9ebea0000 - 0x00007ff9ebeb4000 	C:\WINDOWS\system32\profapi.dll
0x00007ff9e8f00000 - 0x00007ff9e8f10000 	C:\Program Files (x86)\JetBrains\IntelliJ IDEA Community Edition 2016.2.2\bin\breakgen64.dll
0x00000000563c0000 - 0x00000000563da000 	C:\Program Files\Java\jdk1.8.0_66\jre\bin\net.dll
0x00007ff9eb720000 - 0x00007ff9eb77c000 	C:\WINDOWS\system32\mswsock.dll
0x00007ff9c1f90000 - 0x00007ff9c207f000 	C:\Program Files\Java\jdk1.8.0_66\jre\bin\msvcr120.dll
0x00007ff9d3460000 - 0x00007ff9d3506000 	C:\Program Files\Java\jdk1.8.0_66\jre\bin\msvcp120.dll
0x0000000056390000 - 0x00000000563b3000 	C:\Program Files\Java\jdk1.8.0_66\jre\bin\prism_d3d.dll
0x00007ff9bc020000 - 0x00007ff9bc230000 	C:\WINDOWS\system32\d3d9.dll
0x00007ff9e95e0000 - 0x00007ff9e9602000 	C:\WINDOWS\SYSTEM32\dwmapi.dll
0x00007ff9ea8b0000 - 0x00007ff9ea946000 	C:\WINDOWS\system32\uxtheme.dll
0x00007ff9b7e00000 - 0x00007ff9ba33d000 	C:\WINDOWS\SYSTEM32\igdumdim64.dll
0x00007ff9eecf0000 - 0x00007ff9eedb6000 	C:\WINDOWS\system32\OLEAUT32.dll
0x00007ff9ecfa0000 - 0x00007ff9ed0e3000 	C:\WINDOWS\system32\ole32.dll
0x00007ff9ef2a0000 - 0x00007ff9ef6c9000 	C:\WINDOWS\system32\SETUPAPI.dll
0x0000000056340000 - 0x0000000056383000 	C:\Program Files\Java\jdk1.8.0_66\jre\bin\glass.dll
0x00007ff9ef070000 - 0x00007ff9ef17b000 	C:\WINDOWS\system32\COMDLG32.dll
0x00007ff9ec9d0000 - 0x00007ff9eca56000 	C:\WINDOWS\system32\FirewallAPI.dll
0x00007ff9ec100000 - 0x00007ff9ec117000 	C:\WINDOWS\system32\NETAPI32.dll
0x00007ff9e06f0000 - 0x00007ff9e06fc000 	C:\WINDOWS\SYSTEM32\DAVHLPR.DLL
0x00007ff9eac00000 - 0x00007ff9eac32000 	C:\WINDOWS\SYSTEM32\fwbase.dll
0x00007ff9ed290000 - 0x00007ff9ed3ea000 	C:\WINDOWS\system32\MSCTF.dll
0x00007ff9dadf0000 - 0x00007ff9dae93000 	C:\Program Files\Common Files\microsoft shared\ink\tiptsf.dll
0x00007ff9e4570000 - 0x00007ff9e4faf000 	C:\WINDOWS\SYSTEM32\igdusc64.dll
0x0000000056300000 - 0x0000000056314000 	C:\Program Files\Java\jdk1.8.0_66\jre\bin\javafx_font.dll
0x00007ff9e1800000 - 0x00007ff9e1a5f000 	C:\WINDOWS\SYSTEM32\dwrite.dll
0x00007ff9eceb0000 - 0x00007ff9ecf57000 	C:\WINDOWS\system32\clbcatq.dll
0x00007ff9e8f70000 - 0x00007ff9e9121000 	C:\WINDOWS\SYSTEM32\WindowsCodecs.dll
0x00007ff9d60b0000 - 0x00007ff9d60fa000 	C:\WINDOWS\system32\dataexchange.dll
0x00007ff9ea190000 - 0x00007ff9ea273000 	C:\WINDOWS\system32\dcomp.dll
0x00007ff9e9330000 - 0x00007ff9e95d8000 	C:\WINDOWS\system32\d3d11.dll
0x00007ff9e9280000 - 0x00007ff9e9322000 	C:\WINDOWS\system32\dxgi.dll
0x00007ff9ea970000 - 0x00007ff9eaa70000 	C:\WINDOWS\system32\twinapi.appcore.dll
0x00007ff9ebd80000 - 0x00007ff9ebda9000 	C:\WINDOWS\system32\bcrypt.dll
0x00007ff9c78c0000 - 0x00007ff9c78f4000 	C:\Program Files\Common Files\Microsoft Shared\Ink\rtscom.dll
0x00007ff9c9ed0000 - 0x00007ff9ca02c000 	C:\Windows\System32\uiautomationcore.dll
0x00007ff9eb5b0000 - 0x00007ff9eb5cf000 	C:\Windows\System32\USERENV.dll
0x00007ff9ebce0000 - 0x00007ff9ebd79000 	C:\WINDOWS\SYSTEM32\sxs.dll
0x00007ff9dac20000 - 0x00007ff9dac8a000 	C:\WINDOWS\SYSTEM32\OLEACC.dll
0x00000000562e0000 - 0x00000000562f1000 	C:\Program Files\Java\jdk1.8.0_66\jre\bin\prism_common.dll
0x0000000053d40000 - 0x00000000562cd000 	C:\Program Files\Java\jdk1.8.0_66\jre\bin\jfxwebkit.dll
0x00007ff9eb7d0000 - 0x00007ff9eb7e7000 	C:\WINDOWS\SYSTEM32\CRYPTSP.dll
0x00007ff9eb460000 - 0x00007ff9eb494000 	C:\WINDOWS\system32\rsaenh.dll
0x00007ff9eb8f0000 - 0x00007ff9eb8fb000 	C:\WINDOWS\SYSTEM32\CRYPTBASE.dll
0x0000000056320000 - 0x0000000056331000 	C:\Program Files\Java\jdk1.8.0_66\jre\bin\nio.dll
0x0000000053d10000 - 0x0000000053d34000 	C:\Program Files\Java\jdk1.8.0_66\jre\bin\sunec.dll
0x00007ff9e68b0000 - 0x00007ff9e68e8000 	C:\WINDOWS\SYSTEM32\IPHLPAPI.DLL
0x00007ff9ecea0000 - 0x00007ff9ecea8000 	C:\WINDOWS\system32\NSI.dll
0x00007ff9e61e0000 - 0x00007ff9e61f6000 	C:\WINDOWS\SYSTEM32\dhcpcsvc6.DLL
0x00007ff9e61c0000 - 0x00007ff9e61da000 	C:\WINDOWS\SYSTEM32\dhcpcsvc.DLL
0x00007ff9de010000 - 0x00007ff9de026000 	C:\WINDOWS\system32\napinsp.dll
0x00007ff9ddff0000 - 0x00007ff9de00a000 	C:\WINDOWS\system32\pnrpnsp.dll
0x00007ff9e9e30000 - 0x00007ff9e9e48000 	C:\WINDOWS\system32\NLAapi.dll
0x00007ff9ea800000 - 0x00007ff9ea8aa000 	C:\WINDOWS\SYSTEM32\DNSAPI.dll
0x00007ff9de630000 - 0x00007ff9de63d000 	C:\WINDOWS\System32\winrnr.dll
0x00007ff9ddfd0000 - 0x00007ff9ddfe5000 	C:\WINDOWS\System32\wshbth.dll
0x00000000580d0000 - 0x00000000580f6000 	C:\Program Files\Bonjour\mdnsNSP.dll
0x00007ff9e0cc0000 - 0x00007ff9e0cca000 	C:\Windows\System32\rasadhlp.dll
0x00007ff9e6840000 - 0x00007ff9e68a7000 	C:\WINDOWS\System32\fwpuclnt.dll
0x00007ff9e0700000 - 0x00007ff9e0750000 	C:\WINDOWS\SYSTEM32\edputil.dll
0x00007ff9c54f0000 - 0x00007ff9c567c000 	C:\WINDOWS\SYSTEM32\dbghelp.dll

VM Arguments:
jvm_args: -Didea.launcher.port=7539 -Didea.launcher.bin.path=C:\Program Files (x86)\JetBrains\IntelliJ IDEA Community Edition 2016.2.2\bin -Dfile.encoding=UTF-8 
java_command: com.intellij.rt.execution.application.AppMain fxapp.MainFXApplication
java_class_path (initial): C:\Program Files\Java\jdk1.8.0_66\jre\lib\charsets.jar;C:\Program Files\Java\jdk1.8.0_66\jre\lib\deploy.jar;C:\Program Files\Java\jdk1.8.0_66\jre\lib\ext\access-bridge-64.jar;C:\Program Files\Java\jdk1.8.0_66\jre\lib\ext\cldrdata.jar;C:\Program Files\Java\jdk1.8.0_66\jre\lib\ext\dnsns.jar;C:\Program Files\Java\jdk1.8.0_66\jre\lib\ext\jaccess.jar;C:\Program Files\Java\jdk1.8.0_66\jre\lib\ext\jfxrt.jar;C:\Program Files\Java\jdk1.8.0_66\jre\lib\ext\localedata.jar;C:\Program Files\Java\jdk1.8.0_66\jre\lib\ext\nashorn.jar;C:\Program Files\Java\jdk1.8.0_66\jre\lib\ext\sunec.jar;C:\Program Files\Java\jdk1.8.0_66\jre\lib\ext\sunjce_provider.jar;C:\Program Files\Java\jdk1.8.0_66\jre\lib\ext\sunmscapi.jar;C:\Program Files\Java\jdk1.8.0_66\jre\lib\ext\sunpkcs11.jar;C:\Program Files\Java\jdk1.8.0_66\jre\lib\ext\zipfs.jar;C:\Program Files\Java\jdk1.8.0_66\jre\lib\javaws.jar;C:\Program Files\Java\jdk1.8.0_66\jre\lib\jce.jar;C:\Program Files\Java\jdk1.8.0_66\jre\lib\jfr.jar;C:\Program Files\Java\jdk1.8.0_66\jre\lib\jfxswt.jar;C:\Program Files\Java\jdk1.8.0_66\jre\lib\jsse.jar;C:\Program Files\Java\jdk1.8.0_66\jre\lib\management-agent.jar;C:\Program Files\Java\jdk1.8.0_66\jre\lib\plugin.jar;C:\Program Files\Java\jdk1.8.0_66\jre\lib\resources.jar;C:\Program Files\Java\jdk1.8.0_66\jre\lib\rt.jar;C:\Users\Lillian\Documents\Fall 2016\CS 2340\h2clean\out\production\h2clean;C:\Users\Lillian\Downloads\GMapsFX-2.0.4.jar;C:\Program Files (x86)\JetBrains\IntelliJ IDEA Community Edition 2016.2.2\lib\idea_rt.jar
Launcher Type: SUN_STANDARD

Environment Variables:
PATH=C:\ProgramData\Oracle\Java\javapath;C:\Program Files (x86)\Intel\iCLS Client\;C:\Program Files\Intel\iCLS Client\;C:\WINDOWS\system32;C:\WINDOWS;C:\WINDOWS\System32\Wbem;C:\WINDOWS\System32\WindowsPowerShell\v1.0\;C:\Program Files\Intel\Intel(R) Management Engine Components\DAL;C:\Program Files (x86)\Intel\Intel(R) Management Engine Components\DAL;C:\Program Files\Intel\Intel(R) Management Engine Components\IPT;C:\Program Files (x86)\Intel\Intel(R) Management Engine Components\IPT;C:\Program Files\Intel\WiFi\bin\;C:\Program Files\Common Files\Intel\WirelessCommon\;C:\Program Files\MATLAB\R2015a\bin;C:\Program Files (x86)\PharosSystems\Core;C:\Program Files\Java\jdk1.8.0_66\bin\;C:\Program Files\Git\cmd;GRADLE_HOME/bin
USERNAME=Lillian
OS=Windows_NT
PROCESSOR_IDENTIFIER=Intel64 Family 6 Model 61 Stepping 4, GenuineIntel



---------------  S Y S T E M  ---------------

OS: Windows 10.0 , 64 bit Build 10586 (10.0.10586.589)

CPU:total 4 (2 cores per cpu, 2 threads per core) family 6 model 61 stepping 4, cmov, cx8, fxsr, mmx, sse, sse2, sse3, ssse3, sse4.1, sse4.2, popcnt, avx, avx2, aes, clmul, erms, 3dnowpref, lzcnt, ht, tsc, tscinvbit, bmi1, bmi2, adx

Memory: 4k page, physical 8300816k(607376k free), swap 33466640k(92692k free)

vm_info: Java HotSpot(TM) 64-Bit Server VM (25.66-b18) for windows-amd64 JRE (1.8.0_66-b18), built on Nov  9 2015 10:51:13 by "java_re" with MS VC++ 10.0 (VS2010)

time: Wed Oct 26 10:24:34 2016
elapsed time: 177 seconds (0d 0h 2m 57s)

